INFO - 2023-12-22 01:57:04 --> Session: Class initialized using 'CodeIgniter\Session\Handlers\FileHandler' driver.
INFO - 2023-12-22 01:57:13 --> Session: Class initialized using 'CodeIgniter\Session\Handlers\FileHandler' driver.
INFO - 2023-12-22 01:57:14 --> Session: Class initialized using 'CodeIgniter\Session\Handlers\FileHandler' driver.
INFO - 2023-12-22 01:57:19 --> Session: Class initialized using 'CodeIgniter\Session\Handlers\FileHandler' driver.
INFO - 2023-12-22 01:57:49 --> Session: Class initialized using 'CodeIgniter\Session\Handlers\FileHandler' driver.
INFO - 2023-12-22 01:57:54 --> Session: Class initialized using 'CodeIgniter\Session\Handlers\FileHandler' driver.
INFO - 2023-12-22 01:57:57 --> Session: Class initialized using 'CodeIgniter\Session\Handlers\FileHandler' driver.
INFO - 2023-12-22 01:58:06 --> Session: Class initialized using 'CodeIgniter\Session\Handlers\FileHandler' driver.
INFO - 2023-12-22 01:58:36 --> Session: Class initialized using 'CodeIgniter\Session\Handlers\FileHandler' driver.
INFO - 2023-12-22 02:03:56 --> Session: Class initialized using 'CodeIgniter\Session\Handlers\FileHandler' driver.
INFO - 2023-12-22 02:10:17 --> Session: Class initialized using 'CodeIgniter\Session\Handlers\FileHandler' driver.
INFO - 2023-12-22 02:10:20 --> Session: Class initialized using 'CodeIgniter\Session\Handlers\FileHandler' driver.
CRITICAL - 2023-12-22 02:10:20 --> Cannot redeclare App\Controllers\KelolaObatKeluar::cetakPdf()
in APPPATH\Controllers\KelolaObatKeluar.php on line 137.
 1 [internal function]: CodeIgniter\Debug\Exceptions->shutdownHandler()
INFO - 2023-12-22 02:10:22 --> Session: Class initialized using 'CodeIgniter\Session\Handlers\FileHandler' driver.
INFO - 2023-12-22 02:12:12 --> Session: Class initialized using 'CodeIgniter\Session\Handlers\FileHandler' driver.
INFO - 2023-12-22 02:15:18 --> Session: Class initialized using 'CodeIgniter\Session\Handlers\FileHandler' driver.
INFO - 2023-12-22 02:15:26 --> Session: Class initialized using 'CodeIgniter\Session\Handlers\FileHandler' driver.
CRITICAL - 2023-12-22 02:15:26 --> Cannot redeclare App\Controllers\KelolaObatKeluar::cetakPdf()
in APPPATH\Controllers\KelolaObatKeluar.php on line 137.
 1 [internal function]: CodeIgniter\Debug\Exceptions->shutdownHandler()
INFO - 2023-12-22 02:15:29 --> Session: Class initialized using 'CodeIgniter\Session\Handlers\FileHandler' driver.
INFO - 2023-12-22 02:20:44 --> Session: Class initialized using 'CodeIgniter\Session\Handlers\FileHandler' driver.
INFO - 2023-12-22 02:20:46 --> Session: Class initialized using 'CodeIgniter\Session\Handlers\FileHandler' driver.
CRITICAL - 2023-12-22 02:20:46 --> Cannot redeclare App\Controllers\KelolaObatKeluar::cetakPdf()
in APPPATH\Controllers\KelolaObatKeluar.php on line 137.
 1 [internal function]: CodeIgniter\Debug\Exceptions->shutdownHandler()
INFO - 2023-12-22 02:21:34 --> Session: Class initialized using 'CodeIgniter\Session\Handlers\FileHandler' driver.
INFO - 2023-12-22 02:21:54 --> Session: Class initialized using 'CodeIgniter\Session\Handlers\FileHandler' driver.
INFO - 2023-12-22 02:22:00 --> Session: Class initialized using 'CodeIgniter\Session\Handlers\FileHandler' driver.
INFO - 2023-12-22 02:31:32 --> Session: Class initialized using 'CodeIgniter\Session\Handlers\FileHandler' driver.
INFO - 2023-12-22 02:31:34 --> Session: Class initialized using 'CodeIgniter\Session\Handlers\FileHandler' driver.
INFO - 2023-12-22 02:31:37 --> Session: Class initialized using 'CodeIgniter\Session\Handlers\FileHandler' driver.
INFO - 2023-12-22 02:35:55 --> Session: Class initialized using 'CodeIgniter\Session\Handlers\FileHandler' driver.
INFO - 2023-12-22 02:36:05 --> Session: Class initialized using 'CodeIgniter\Session\Handlers\FileHandler' driver.
INFO - 2023-12-22 02:36:10 --> Session: Class initialized using 'CodeIgniter\Session\Handlers\FileHandler' driver.
INFO - 2023-12-22 02:37:41 --> Session: Class initialized using 'CodeIgniter\Session\Handlers\FileHandler' driver.
CRITICAL - 2023-12-22 02:37:43 --> Undefined property: App\Controllers\KelolaObatKeluar::$obatKeluarModel
in APPPATH\Controllers\KelolaObatKeluar.php on line 124.
 1 APPPATH\Controllers\KelolaObatKeluar.php(124): CodeIgniter\Debug\Exceptions->errorHandler(2, 'Undefined property: App\\Controllers\\KelolaObatKeluar::$obatKeluarModel', 'C:\\xampp\\htdocs\\apotek\\app\\Controllers\\KelolaObatKeluar.php', 124)
 2 SYSTEMPATH\CodeIgniter.php(942): App\Controllers\KelolaObatKeluar->cetakPdf()
 3 SYSTEMPATH\CodeIgniter.php(502): CodeIgniter\CodeIgniter->runController(Object(App\Controllers\KelolaObatKeluar))
 4 SYSTEMPATH\CodeIgniter.php(361): CodeIgniter\CodeIgniter->handleRequest(null, Object(Config\Cache), false)
 5 FCPATH\index.php(79): CodeIgniter\CodeIgniter->run()
 6 SYSTEMPATH\Commands\Server\rewrite.php(47): require_once('C:\\xampp\\htdocs\\apotek\\public\\index.php')
INFO - 2023-12-22 02:37:54 --> Session: Class initialized using 'CodeIgniter\Session\Handlers\FileHandler' driver.
CRITICAL - 2023-12-22 02:37:56 --> Undefined property: App\Controllers\KelolaObatKeluar::$obatKeluarModel
in APPPATH\Controllers\KelolaObatKeluar.php on line 146.
 1 APPPATH\Controllers\KelolaObatKeluar.php(146): CodeIgniter\Debug\Exceptions->errorHandler(2, 'Undefined property: App\\Controllers\\KelolaObatKeluar::$obatKeluarModel', 'C:\\xampp\\htdocs\\apotek\\app\\Controllers\\KelolaObatKeluar.php', 146)
 2 SYSTEMPATH\CodeIgniter.php(942): App\Controllers\KelolaObatKeluar->cetakExcel()
 3 SYSTEMPATH\CodeIgniter.php(502): CodeIgniter\CodeIgniter->runController(Object(App\Controllers\KelolaObatKeluar))
 4 SYSTEMPATH\CodeIgniter.php(361): CodeIgniter\CodeIgniter->handleRequest(null, Object(Config\Cache), false)
 5 FCPATH\index.php(79): CodeIgniter\CodeIgniter->run()
 6 SYSTEMPATH\Commands\Server\rewrite.php(47): require_once('C:\\xampp\\htdocs\\apotek\\public\\index.php')
INFO - 2023-12-22 02:38:01 --> Session: Class initialized using 'CodeIgniter\Session\Handlers\FileHandler' driver.
CRITICAL - 2023-12-22 02:40:13 --> Undefined property: App\Controllers\KelolaObatKeluar::$obatKeluarModel
in APPPATH\Controllers\KelolaObatKeluar.php on line 124.
 1 APPPATH\Controllers\KelolaObatKeluar.php(124): CodeIgniter\Debug\Exceptions->errorHandler(2, 'Undefined property: App\\Controllers\\KelolaObatKeluar::$obatKeluarModel', 'C:\\xampp\\htdocs\\apotek\\app\\Controllers\\KelolaObatKeluar.php', 124)
 2 SYSTEMPATH\CodeIgniter.php(942): App\Controllers\KelolaObatKeluar->cetakPdf()
 3 SYSTEMPATH\CodeIgniter.php(502): CodeIgniter\CodeIgniter->runController(Object(App\Controllers\KelolaObatKeluar))
 4 SYSTEMPATH\CodeIgniter.php(361): CodeIgniter\CodeIgniter->handleRequest(null, Object(Config\Cache), false)
 5 FCPATH\index.php(79): CodeIgniter\CodeIgniter->run()
 6 SYSTEMPATH\Commands\Server\rewrite.php(47): require_once('C:\\xampp\\htdocs\\apotek\\public\\index.php')
CRITICAL - 2023-12-22 02:42:16 --> Call to undefined method App\Models\ObatKeluarModel::filterdatatanggal
in SYSTEMPATH\Model.php on line 873.
 1 APPPATH\Controllers\KelolaObatKeluar.php(124): CodeIgniter\Model->__call('filterdatatanggal', [...])
 2 SYSTEMPATH\CodeIgniter.php(942): App\Controllers\KelolaObatKeluar->cetakPdf()
 3 SYSTEMPATH\CodeIgniter.php(502): CodeIgniter\CodeIgniter->runController(Object(App\Controllers\KelolaObatKeluar))
 4 SYSTEMPATH\CodeIgniter.php(361): CodeIgniter\CodeIgniter->handleRequest(null, Object(Config\Cache), false)
 5 FCPATH\index.php(79): CodeIgniter\CodeIgniter->run()
 6 SYSTEMPATH\Commands\Server\rewrite.php(47): require_once('C:\\xampp\\htdocs\\apotek\\public\\index.php')
ERROR - 2023-12-22 02:46:15 --> mysqli_sql_exception: Unknown column 'obat_masuk.id_supplier' in 'on clause' in C:\xampp\htdocs\apotek\vendor\codeigniter4\framework\system\Database\MySQLi\Connection.php:306
Stack trace:
#0 C:\xampp\htdocs\apotek\vendor\codeigniter4\framework\system\Database\MySQLi\Connection.php(306): mysqli->query('SELECT *\nFROM `...', 0)
#1 C:\xampp\htdocs\apotek\vendor\codeigniter4\framework\system\Database\BaseConnection.php(693): CodeIgniter\Database\MySQLi\Connection->execute('SELECT *\nFROM `...')
#2 C:\xampp\htdocs\apotek\vendor\codeigniter4\framework\system\Database\BaseConnection.php(607): CodeIgniter\Database\BaseConnection->simpleQuery('SELECT *\nFROM `...')
#3 C:\xampp\htdocs\apotek\vendor\codeigniter4\framework\system\Database\BaseBuilder.php(1615): CodeIgniter\Database\BaseConnection->query('SELECT *\nFROM `...', Array, false)
#4 C:\xampp\htdocs\apotek\app\Models\ObatKeluarModel.php(92): CodeIgniter\Database\BaseBuilder->get()
#5 C:\xampp\htdocs\apotek\app\Controllers\KelolaObatKeluar.php(124): App\Models\ObatKeluarModel->filterdatatanggal(NULL, NULL)
#6 C:\xampp\htdocs\apotek\vendor\codeigniter4\framework\system\CodeIgniter.php(942): App\Controllers\KelolaObatKeluar->cetakPdf()
#7 C:\xampp\htdocs\apotek\vendor\codeigniter4\framework\system\CodeIgniter.php(502): CodeIgniter\CodeIgniter->runController(Object(App\Controllers\KelolaObatKeluar))
#8 C:\xampp\htdocs\apotek\vendor\codeigniter4\framework\system\CodeIgniter.php(361): CodeIgniter\CodeIgniter->handleRequest(NULL, Object(Config\Cache), false)
#9 C:\xampp\htdocs\apotek\public\index.php(79): CodeIgniter\CodeIgniter->run()
#10 C:\xampp\htdocs\apotek\vendor\codeigniter4\framework\system\Commands\Server\rewrite.php(47): require_once('C:\\xampp\\htdocs...')
#11 {main}
CRITICAL - 2023-12-22 02:46:15 --> Unknown column 'obat_masuk.id_supplier' in 'on clause'
in SYSTEMPATH\Database\BaseConnection.php on line 647.
 1 SYSTEMPATH\Database\BaseBuilder.php(1615): CodeIgniter\Database\BaseConnection->query('SELECT *
FROM `obat_keluar`
JOIN `obat` ON `obat`.`id_obat` = `obat_keluar`.`id_obat`
JOIN `supplier` ON `supplier`.`id_supplier` = `obat_masuk`.`id_supplier`', [], false)
 2 APPPATH\Models\ObatKeluarModel.php(92): CodeIgniter\Database\BaseBuilder->get()
 3 APPPATH\Controllers\KelolaObatKeluar.php(124): App\Models\ObatKeluarModel->filterdatatanggal(null, null)
 4 SYSTEMPATH\CodeIgniter.php(942): App\Controllers\KelolaObatKeluar->cetakPdf()
 5 SYSTEMPATH\CodeIgniter.php(502): CodeIgniter\CodeIgniter->runController(Object(App\Controllers\KelolaObatKeluar))
 6 SYSTEMPATH\CodeIgniter.php(361): CodeIgniter\CodeIgniter->handleRequest(null, Object(Config\Cache), false)
 7 FCPATH\index.php(79): CodeIgniter\CodeIgniter->run()
 8 SYSTEMPATH\Commands\Server\rewrite.php(47): require_once('C:\\xampp\\htdocs\\apotek\\public\\index.php')
INFO - 2023-12-22 02:46:18 --> Session: Class initialized using 'CodeIgniter\Session\Handlers\FileHandler' driver.
ERROR - 2023-12-22 02:46:20 --> mysqli_sql_exception: Unknown column 'obat_masuk.id_supplier' in 'on clause' in C:\xampp\htdocs\apotek\vendor\codeigniter4\framework\system\Database\MySQLi\Connection.php:306
Stack trace:
#0 C:\xampp\htdocs\apotek\vendor\codeigniter4\framework\system\Database\MySQLi\Connection.php(306): mysqli->query('SELECT *\nFROM `...', 0)
#1 C:\xampp\htdocs\apotek\vendor\codeigniter4\framework\system\Database\BaseConnection.php(693): CodeIgniter\Database\MySQLi\Connection->execute('SELECT *\nFROM `...')
#2 C:\xampp\htdocs\apotek\vendor\codeigniter4\framework\system\Database\BaseConnection.php(607): CodeIgniter\Database\BaseConnection->simpleQuery('SELECT *\nFROM `...')
#3 C:\xampp\htdocs\apotek\vendor\codeigniter4\framework\system\Database\BaseBuilder.php(1615): CodeIgniter\Database\BaseConnection->query('SELECT *\nFROM `...', Array, false)
#4 C:\xampp\htdocs\apotek\app\Models\ObatKeluarModel.php(92): CodeIgniter\Database\BaseBuilder->get()
#5 C:\xampp\htdocs\apotek\app\Controllers\KelolaObatKeluar.php(124): App\Models\ObatKeluarModel->filterdatatanggal(NULL, NULL)
#6 C:\xampp\htdocs\apotek\vendor\codeigniter4\framework\system\CodeIgniter.php(942): App\Controllers\KelolaObatKeluar->cetakPdf()
#7 C:\xampp\htdocs\apotek\vendor\codeigniter4\framework\system\CodeIgniter.php(502): CodeIgniter\CodeIgniter->runController(Object(App\Controllers\KelolaObatKeluar))
#8 C:\xampp\htdocs\apotek\vendor\codeigniter4\framework\system\CodeIgniter.php(361): CodeIgniter\CodeIgniter->handleRequest(NULL, Object(Config\Cache), false)
#9 C:\xampp\htdocs\apotek\public\index.php(79): CodeIgniter\CodeIgniter->run()
#10 C:\xampp\htdocs\apotek\vendor\codeigniter4\framework\system\Commands\Server\rewrite.php(47): require_once('C:\\xampp\\htdocs...')
#11 {main}
CRITICAL - 2023-12-22 02:46:20 --> Unknown column 'obat_masuk.id_supplier' in 'on clause'
in SYSTEMPATH\Database\BaseConnection.php on line 647.
 1 SYSTEMPATH\Database\BaseBuilder.php(1615): CodeIgniter\Database\BaseConnection->query('SELECT *
FROM `obat_keluar`
JOIN `obat` ON `obat`.`id_obat` = `obat_keluar`.`id_obat`
JOIN `supplier` ON `supplier`.`id_supplier` = `obat_masuk`.`id_supplier`', [], false)
 2 APPPATH\Models\ObatKeluarModel.php(92): CodeIgniter\Database\BaseBuilder->get()
 3 APPPATH\Controllers\KelolaObatKeluar.php(124): App\Models\ObatKeluarModel->filterdatatanggal(null, null)
 4 SYSTEMPATH\CodeIgniter.php(942): App\Controllers\KelolaObatKeluar->cetakPdf()
 5 SYSTEMPATH\CodeIgniter.php(502): CodeIgniter\CodeIgniter->runController(Object(App\Controllers\KelolaObatKeluar))
 6 SYSTEMPATH\CodeIgniter.php(361): CodeIgniter\CodeIgniter->handleRequest(null, Object(Config\Cache), false)
 7 FCPATH\index.php(79): CodeIgniter\CodeIgniter->run()
 8 SYSTEMPATH\Commands\Server\rewrite.php(47): require_once('C:\\xampp\\htdocs\\apotek\\public\\index.php')
INFO - 2023-12-22 03:16:51 --> Session: Class initialized using 'CodeIgniter\Session\Handlers\FileHandler' driver.
INFO - 2023-12-22 03:16:53 --> Session: Class initialized using 'CodeIgniter\Session\Handlers\FileHandler' driver.
CRITICAL - 2023-12-22 03:16:56 --> Undefined variable $obat_masuk
in APPPATH\Views\kelola_obat_keluar\cetak_pdf.php on line 90.
 1 APPPATH\Views\kelola_obat_keluar\cetak_pdf.php(90): CodeIgniter\Debug\Exceptions->errorHandler(2, 'Undefined variable $obat_masuk', 'C:\\xampp\\htdocs\\apotek\\app\\Views\\kelola_obat_keluar\\cetak_pdf.php', 90)
 2 SYSTEMPATH\View\View.php(228): include('C:\\xampp\\htdocs\\apotek\\app\\Views\\kelola_obat_keluar\\cetak_pdf.php')
 3 SYSTEMPATH\View\View.php(231): CodeIgniter\View\View->CodeIgniter\View\{closure}()
 4 SYSTEMPATH\Common.php(1190): CodeIgniter\View\View->render('kelola_obat_keluar/cetak_pdf', [], true)
 5 APPPATH\Controllers\KelolaObatKeluar.php(135): view('kelola_obat_keluar/cetak_pdf', [...])
 6 SYSTEMPATH\CodeIgniter.php(942): App\Controllers\KelolaObatKeluar->cetakPdf()
 7 SYSTEMPATH\CodeIgniter.php(502): CodeIgniter\CodeIgniter->runController(Object(App\Controllers\KelolaObatKeluar))
 8 SYSTEMPATH\CodeIgniter.php(361): CodeIgniter\CodeIgniter->handleRequest(null, Object(Config\Cache), false)
 9 FCPATH\index.php(79): CodeIgniter\CodeIgniter->run()
10 SYSTEMPATH\Commands\Server\rewrite.php(47): require_once('C:\\xampp\\htdocs\\apotek\\public\\index.php')
INFO - 2023-12-22 03:19:50 --> Session: Class initialized using 'CodeIgniter\Session\Handlers\FileHandler' driver.
INFO - 2023-12-22 03:19:55 --> Session: Class initialized using 'CodeIgniter\Session\Handlers\FileHandler' driver.
CRITICAL - 2023-12-22 03:19:56 --> Call to undefined method App\Models\ObatKeluarModel::ObatKeluar
in SYSTEMPATH\Model.php on line 873.
 1 APPPATH\Controllers\KelolaObatKeluar.php(146): CodeIgniter\Model->__call('ObatKeluar', [])
 2 SYSTEMPATH\CodeIgniter.php(942): App\Controllers\KelolaObatKeluar->cetakExcel()
 3 SYSTEMPATH\CodeIgniter.php(502): CodeIgniter\CodeIgniter->runController(Object(App\Controllers\KelolaObatKeluar))
 4 SYSTEMPATH\CodeIgniter.php(361): CodeIgniter\CodeIgniter->handleRequest(null, Object(Config\Cache), false)
 5 FCPATH\index.php(79): CodeIgniter\CodeIgniter->run()
 6 SYSTEMPATH\Commands\Server\rewrite.php(47): require_once('C:\\xampp\\htdocs\\apotek\\public\\index.php')
INFO - 2023-12-22 03:19:58 --> Session: Class initialized using 'CodeIgniter\Session\Handlers\FileHandler' driver.
INFO - 2023-12-22 03:20:14 --> Session: Class initialized using 'CodeIgniter\Session\Handlers\FileHandler' driver.
INFO - 2023-12-22 03:24:03 --> Session: Class initialized using 'CodeIgniter\Session\Handlers\FileHandler' driver.
INFO - 2023-12-22 03:24:06 --> Session: Class initialized using 'CodeIgniter\Session\Handlers\FileHandler' driver.
INFO - 2023-12-22 03:24:10 --> Session: Class initialized using 'CodeIgniter\Session\Handlers\FileHandler' driver.
INFO - 2023-12-22 03:24:13 --> Session: Class initialized using 'CodeIgniter\Session\Handlers\FileHandler' driver.
INFO - 2023-12-22 03:24:23 --> Session: Class initialized using 'CodeIgniter\Session\Handlers\FileHandler' driver.
INFO - 2023-12-22 03:24:45 --> Session: Class initialized using 'CodeIgniter\Session\Handlers\FileHandler' driver.
INFO - 2023-12-22 03:24:48 --> Session: Class initialized using 'CodeIgniter\Session\Handlers\FileHandler' driver.
INFO - 2023-12-22 03:24:55 --> Session: Class initialized using 'CodeIgniter\Session\Handlers\FileHandler' driver.
INFO - 2023-12-22 06:32:45 --> Session: Class initialized using 'CodeIgniter\Session\Handlers\FileHandler' driver.
INFO - 2023-12-22 06:32:46 --> Session: Class initialized using 'CodeIgniter\Session\Handlers\FileHandler' driver.
INFO - 2023-12-22 07:03:55 --> Session: Class initialized using 'CodeIgniter\Session\Handlers\FileHandler' driver.
INFO - 2023-12-22 07:04:16 --> Session: Class initialized using 'CodeIgniter\Session\Handlers\FileHandler' driver.
INFO - 2023-12-22 07:04:17 --> Session: Class initialized using 'CodeIgniter\Session\Handlers\FileHandler' driver.
INFO - 2023-12-22 07:04:21 --> Session: Class initialized using 'CodeIgniter\Session\Handlers\FileHandler' driver.
INFO - 2023-12-22 07:04:28 --> Session: Class initialized using 'CodeIgniter\Session\Handlers\FileHandler' driver.
