INFO - 2023-12-29 09:08:24 --> Session: Class initialized using 'CodeIgniter\Session\Handlers\FileHandler' driver.
INFO - 2023-12-29 09:08:44 --> Session: Class initialized using 'CodeIgniter\Session\Handlers\FileHandler' driver.
INFO - 2023-12-29 09:08:45 --> Session: Class initialized using 'CodeIgniter\Session\Handlers\FileHandler' driver.
INFO - 2023-12-29 09:08:47 --> Session: Class initialized using 'CodeIgniter\Session\Handlers\FileHandler' driver.
INFO - 2023-12-29 09:08:48 --> Session: Class initialized using 'CodeIgniter\Session\Handlers\FileHandler' driver.
INFO - 2023-12-29 09:08:49 --> Session: Class initialized using 'CodeIgniter\Session\Handlers\FileHandler' driver.
INFO - 2023-12-29 09:09:00 --> Session: Class initialized using 'CodeIgniter\Session\Handlers\FileHandler' driver.
INFO - 2023-12-29 09:09:00 --> Session: Class initialized using 'CodeIgniter\Session\Handlers\FileHandler' driver.
INFO - 2023-12-29 09:09:05 --> Session: Class initialized using 'CodeIgniter\Session\Handlers\FileHandler' driver.
INFO - 2023-12-29 09:09:26 --> Session: Class initialized using 'CodeIgniter\Session\Handlers\FileHandler' driver.
INFO - 2023-12-29 09:09:37 --> Session: Class initialized using 'CodeIgniter\Session\Handlers\FileHandler' driver.
INFO - 2023-12-29 09:09:45 --> Session: Class initialized using 'CodeIgniter\Session\Handlers\FileHandler' driver.
INFO - 2023-12-29 09:12:47 --> Session: Class initialized using 'CodeIgniter\Session\Handlers\FileHandler' driver.
INFO - 2023-12-29 09:12:53 --> Session: Class initialized using 'CodeIgniter\Session\Handlers\FileHandler' driver.
INFO - 2023-12-29 09:13:26 --> Session: Class initialized using 'CodeIgniter\Session\Handlers\FileHandler' driver.
INFO - 2023-12-29 09:13:49 --> Session: Class initialized using 'CodeIgniter\Session\Handlers\FileHandler' driver.
INFO - 2023-12-29 09:13:49 --> Session: Class initialized using 'CodeIgniter\Session\Handlers\FileHandler' driver.
INFO - 2023-12-29 09:14:47 --> Session: Class initialized using 'CodeIgniter\Session\Handlers\FileHandler' driver.
INFO - 2023-12-29 09:15:04 --> Session: Class initialized using 'CodeIgniter\Session\Handlers\FileHandler' driver.
INFO - 2023-12-29 09:15:05 --> Session: Class initialized using 'CodeIgniter\Session\Handlers\FileHandler' driver.
INFO - 2023-12-29 09:15:10 --> Session: Class initialized using 'CodeIgniter\Session\Handlers\FileHandler' driver.
INFO - 2023-12-29 09:18:12 --> Session: Class initialized using 'CodeIgniter\Session\Handlers\FileHandler' driver.
INFO - 2023-12-29 09:18:15 --> Session: Class initialized using 'CodeIgniter\Session\Handlers\FileHandler' driver.
INFO - 2023-12-29 09:18:25 --> Session: Class initialized using 'CodeIgniter\Session\Handlers\FileHandler' driver.
INFO - 2023-12-29 09:18:38 --> Session: Class initialized using 'CodeIgniter\Session\Handlers\FileHandler' driver.
INFO - 2023-12-29 09:18:38 --> Session: Class initialized using 'CodeIgniter\Session\Handlers\FileHandler' driver.
INFO - 2023-12-29 09:18:42 --> Session: Class initialized using 'CodeIgniter\Session\Handlers\FileHandler' driver.
INFO - 2023-12-29 09:18:44 --> Session: Class initialized using 'CodeIgniter\Session\Handlers\FileHandler' driver.
INFO - 2023-12-29 09:18:47 --> Session: Class initialized using 'CodeIgniter\Session\Handlers\FileHandler' driver.
INFO - 2023-12-29 09:18:48 --> Session: Class initialized using 'CodeIgniter\Session\Handlers\FileHandler' driver.
INFO - 2023-12-29 09:18:52 --> Session: Class initialized using 'CodeIgniter\Session\Handlers\FileHandler' driver.
INFO - 2023-12-29 09:20:46 --> Session: Class initialized using 'CodeIgniter\Session\Handlers\FileHandler' driver.
INFO - 2023-12-29 09:21:12 --> Session: Class initialized using 'CodeIgniter\Session\Handlers\FileHandler' driver.
INFO - 2023-12-29 09:21:32 --> Session: Class initialized using 'CodeIgniter\Session\Handlers\FileHandler' driver.
INFO - 2023-12-29 09:21:44 --> Session: Class initialized using 'CodeIgniter\Session\Handlers\FileHandler' driver.
INFO - 2023-12-29 09:21:48 --> Session: Class initialized using 'CodeIgniter\Session\Handlers\FileHandler' driver.
INFO - 2023-12-29 09:25:49 --> Session: Class initialized using 'CodeIgniter\Session\Handlers\FileHandler' driver.
INFO - 2023-12-29 09:27:09 --> Session: Class initialized using 'CodeIgniter\Session\Handlers\FileHandler' driver.
INFO - 2023-12-29 09:27:11 --> Session: Class initialized using 'CodeIgniter\Session\Handlers\FileHandler' driver.
INFO - 2023-12-29 09:27:11 --> Session: Class initialized using 'CodeIgniter\Session\Handlers\FileHandler' driver.
INFO - 2023-12-29 09:27:22 --> Session: Class initialized using 'CodeIgniter\Session\Handlers\FileHandler' driver.
INFO - 2023-12-29 09:27:23 --> Session: Class initialized using 'CodeIgniter\Session\Handlers\FileHandler' driver.
INFO - 2023-12-29 09:27:31 --> Session: Class initialized using 'CodeIgniter\Session\Handlers\FileHandler' driver.
INFO - 2023-12-29 09:28:00 --> Session: Class initialized using 'CodeIgniter\Session\Handlers\FileHandler' driver.
INFO - 2023-12-29 09:28:03 --> Session: Class initialized using 'CodeIgniter\Session\Handlers\FileHandler' driver.
INFO - 2023-12-29 09:32:53 --> Session: Class initialized using 'CodeIgniter\Session\Handlers\FileHandler' driver.
INFO - 2023-12-29 14:48:27 --> Session: Class initialized using 'CodeIgniter\Session\Handlers\FileHandler' driver.
INFO - 2023-12-29 14:54:24 --> Session: Class initialized using 'CodeIgniter\Session\Handlers\FileHandler' driver.
INFO - 2023-12-29 14:54:39 --> Session: Class initialized using 'CodeIgniter\Session\Handlers\FileHandler' driver.
INFO - 2023-12-29 14:54:40 --> Session: Class initialized using 'CodeIgniter\Session\Handlers\FileHandler' driver.
INFO - 2023-12-29 14:54:45 --> Session: Class initialized using 'CodeIgniter\Session\Handlers\FileHandler' driver.
INFO - 2023-12-29 14:54:51 --> Session: Class initialized using 'CodeIgniter\Session\Handlers\FileHandler' driver.
INFO - 2023-12-29 14:54:55 --> Session: Class initialized using 'CodeIgniter\Session\Handlers\FileHandler' driver.
INFO - 2023-12-29 15:07:41 --> Session: Class initialized using 'CodeIgniter\Session\Handlers\FileHandler' driver.
INFO - 2023-12-29 15:07:51 --> Session: Class initialized using 'CodeIgniter\Session\Handlers\FileHandler' driver.
INFO - 2023-12-29 15:08:08 --> Session: Class initialized using 'CodeIgniter\Session\Handlers\FileHandler' driver.
INFO - 2023-12-29 15:08:10 --> Session: Class initialized using 'CodeIgniter\Session\Handlers\FileHandler' driver.
INFO - 2023-12-29 15:08:29 --> Session: Class initialized using 'CodeIgniter\Session\Handlers\FileHandler' driver.
INFO - 2023-12-29 15:08:31 --> Session: Class initialized using 'CodeIgniter\Session\Handlers\FileHandler' driver.
INFO - 2023-12-29 15:08:41 --> Session: Class initialized using 'CodeIgniter\Session\Handlers\FileHandler' driver.
INFO - 2023-12-29 15:08:50 --> Session: Class initialized using 'CodeIgniter\Session\Handlers\FileHandler' driver.
INFO - 2023-12-29 15:09:11 --> Session: Class initialized using 'CodeIgniter\Session\Handlers\FileHandler' driver.
INFO - 2023-12-29 15:10:33 --> Session: Class initialized using 'CodeIgniter\Session\Handlers\FileHandler' driver.
INFO - 2023-12-29 15:16:52 --> Session: Class initialized using 'CodeIgniter\Session\Handlers\FileHandler' driver.
CRITICAL - 2023-12-29 15:48:26 --> Undefined array key ""
in APPPATH\Views\kelola_obat_masuk\cetak_pdf.php on line 128.
 1 APPPATH\Views\kelola_obat_masuk\cetak_pdf.php(128): CodeIgniter\Debug\Exceptions->errorHandler(2, 'Undefined array key ""', 'C:\\xampp\\htdocs\\apotek\\app\\Views\\kelola_obat_masuk\\cetak_pdf.php', 128)
 2 SYSTEMPATH\View\View.php(228): include('C:\\xampp\\htdocs\\apotek\\app\\Views\\kelola_obat_masuk\\cetak_pdf.php')
 3 SYSTEMPATH\View\View.php(231): CodeIgniter\View\View->CodeIgniter\View\{closure}()
 4 SYSTEMPATH\Common.php(1190): CodeIgniter\View\View->render('kelola_obat_masuk/cetak_pdf', [], true)
 5 APPPATH\Controllers\KelolaObatMasuk.php(148): view('kelola_obat_masuk/cetak_pdf', [...])
 6 SYSTEMPATH\CodeIgniter.php(942): App\Controllers\KelolaObatMasuk->cetakPdf()
 7 SYSTEMPATH\CodeIgniter.php(502): CodeIgniter\CodeIgniter->runController(Object(App\Controllers\KelolaObatMasuk))
 8 SYSTEMPATH\CodeIgniter.php(361): CodeIgniter\CodeIgniter->handleRequest(null, Object(Config\Cache), false)
 9 FCPATH\index.php(79): CodeIgniter\CodeIgniter->run()
10 SYSTEMPATH\Commands\Server\rewrite.php(47): require_once('C:\\xampp\\htdocs\\apotek\\public\\index.php')
CRITICAL - 2023-12-29 15:58:59 --> Undefined variable $totalkeuntungan
in APPPATH\Views\kelola_obat_masuk\cetak_pdf.php on line 119.
 1 APPPATH\Views\kelola_obat_masuk\cetak_pdf.php(119): CodeIgniter\Debug\Exceptions->errorHandler(2, 'Undefined variable $totalkeuntungan', 'C:\\xampp\\htdocs\\apotek\\app\\Views\\kelola_obat_masuk\\cetak_pdf.php', 119)
 2 SYSTEMPATH\View\View.php(228): include('C:\\xampp\\htdocs\\apotek\\app\\Views\\kelola_obat_masuk\\cetak_pdf.php')
 3 SYSTEMPATH\View\View.php(231): CodeIgniter\View\View->CodeIgniter\View\{closure}()
 4 SYSTEMPATH\Common.php(1190): CodeIgniter\View\View->render('kelola_obat_masuk/cetak_pdf', [], true)
 5 APPPATH\Controllers\KelolaObatMasuk.php(148): view('kelola_obat_masuk/cetak_pdf', [...])
 6 SYSTEMPATH\CodeIgniter.php(942): App\Controllers\KelolaObatMasuk->cetakPdf()
 7 SYSTEMPATH\CodeIgniter.php(502): CodeIgniter\CodeIgniter->runController(Object(App\Controllers\KelolaObatMasuk))
 8 SYSTEMPATH\CodeIgniter.php(361): CodeIgniter\CodeIgniter->handleRequest(null, Object(Config\Cache), false)
 9 FCPATH\index.php(79): CodeIgniter\CodeIgniter->run()
10 SYSTEMPATH\Commands\Server\rewrite.php(47): require_once('C:\\xampp\\htdocs\\apotek\\public\\index.php')
INFO - 2023-12-29 15:59:02 --> Session: Class initialized using 'CodeIgniter\Session\Handlers\FileHandler' driver.
CRITICAL - 2023-12-29 15:59:07 --> Undefined variable $totalkeuntungan
in APPPATH\Views\kelola_obat_masuk\cetak_pdf.php on line 119.
 1 APPPATH\Views\kelola_obat_masuk\cetak_pdf.php(119): CodeIgniter\Debug\Exceptions->errorHandler(2, 'Undefined variable $totalkeuntungan', 'C:\\xampp\\htdocs\\apotek\\app\\Views\\kelola_obat_masuk\\cetak_pdf.php', 119)
 2 SYSTEMPATH\View\View.php(228): include('C:\\xampp\\htdocs\\apotek\\app\\Views\\kelola_obat_masuk\\cetak_pdf.php')
 3 SYSTEMPATH\View\View.php(231): CodeIgniter\View\View->CodeIgniter\View\{closure}()
 4 SYSTEMPATH\Common.php(1190): CodeIgniter\View\View->render('kelola_obat_masuk/cetak_pdf', [], true)
 5 APPPATH\Controllers\KelolaObatMasuk.php(148): view('kelola_obat_masuk/cetak_pdf', [...])
 6 SYSTEMPATH\CodeIgniter.php(942): App\Controllers\KelolaObatMasuk->cetakPdf()
 7 SYSTEMPATH\CodeIgniter.php(502): CodeIgniter\CodeIgniter->runController(Object(App\Controllers\KelolaObatMasuk))
 8 SYSTEMPATH\CodeIgniter.php(361): CodeIgniter\CodeIgniter->handleRequest(null, Object(Config\Cache), false)
 9 FCPATH\index.php(79): CodeIgniter\CodeIgniter->run()
10 SYSTEMPATH\Commands\Server\rewrite.php(47): require_once('C:\\xampp\\htdocs\\apotek\\public\\index.php')
INFO - 2023-12-29 16:05:21 --> Session: Class initialized using 'CodeIgniter\Session\Handlers\FileHandler' driver.
INFO - 2023-12-29 16:05:27 --> Session: Class initialized using 'CodeIgniter\Session\Handlers\FileHandler' driver.
INFO - 2023-12-29 16:05:29 --> Session: Class initialized using 'CodeIgniter\Session\Handlers\FileHandler' driver.
INFO - 2023-12-29 16:06:23 --> Session: Class initialized using 'CodeIgniter\Session\Handlers\FileHandler' driver.
INFO - 2023-12-29 16:06:27 --> Session: Class initialized using 'CodeIgniter\Session\Handlers\FileHandler' driver.
INFO - 2023-12-29 16:06:45 --> Session: Class initialized using 'CodeIgniter\Session\Handlers\FileHandler' driver.
INFO - 2023-12-29 16:06:45 --> Session: Class initialized using 'CodeIgniter\Session\Handlers\FileHandler' driver.
INFO - 2023-12-29 16:06:52 --> Session: Class initialized using 'CodeIgniter\Session\Handlers\FileHandler' driver.
INFO - 2023-12-29 16:06:52 --> Session: Class initialized using 'CodeIgniter\Session\Handlers\FileHandler' driver.
INFO - 2023-12-29 16:07:29 --> Session: Class initialized using 'CodeIgniter\Session\Handlers\FileHandler' driver.
INFO - 2023-12-29 16:07:33 --> Session: Class initialized using 'CodeIgniter\Session\Handlers\FileHandler' driver.
INFO - 2023-12-29 16:07:33 --> Session: Class initialized using 'CodeIgniter\Session\Handlers\FileHandler' driver.
INFO - 2023-12-29 16:07:49 --> Session: Class initialized using 'CodeIgniter\Session\Handlers\FileHandler' driver.
CRITICAL - 2023-12-29 16:11:35 --> Undefined array key "keuntungan"
in APPPATH\Views\kelola_obat_masuk\cetak_pdf.php on line 119.
 1 APPPATH\Views\kelola_obat_masuk\cetak_pdf.php(119): CodeIgniter\Debug\Exceptions->errorHandler(2, 'Undefined array key "keuntungan"', 'C:\\xampp\\htdocs\\apotek\\app\\Views\\kelola_obat_masuk\\cetak_pdf.php', 119)
 2 SYSTEMPATH\View\View.php(228): include('C:\\xampp\\htdocs\\apotek\\app\\Views\\kelola_obat_masuk\\cetak_pdf.php')
 3 SYSTEMPATH\View\View.php(231): CodeIgniter\View\View->CodeIgniter\View\{closure}()
 4 SYSTEMPATH\Common.php(1190): CodeIgniter\View\View->render('kelola_obat_masuk/cetak_pdf', [], true)
 5 APPPATH\Controllers\KelolaObatMasuk.php(148): view('kelola_obat_masuk/cetak_pdf', [...])
 6 SYSTEMPATH\CodeIgniter.php(942): App\Controllers\KelolaObatMasuk->cetakPdf()
 7 SYSTEMPATH\CodeIgniter.php(502): CodeIgniter\CodeIgniter->runController(Object(App\Controllers\KelolaObatMasuk))
 8 SYSTEMPATH\CodeIgniter.php(361): CodeIgniter\CodeIgniter->handleRequest(null, Object(Config\Cache), false)
 9 FCPATH\index.php(79): CodeIgniter\CodeIgniter->run()
10 SYSTEMPATH\Commands\Server\rewrite.php(47): require_once('C:\\xampp\\htdocs\\apotek\\public\\index.php')
CRITICAL - 2023-12-29 16:21:47 --> Undefined variable $total
in APPPATH\Views\kelola_obat_masuk\cetak_pdf.php on line 129.
 1 APPPATH\Views\kelola_obat_masuk\cetak_pdf.php(129): CodeIgniter\Debug\Exceptions->errorHandler(2, 'Undefined variable $total', 'C:\\xampp\\htdocs\\apotek\\app\\Views\\kelola_obat_masuk\\cetak_pdf.php', 129)
 2 SYSTEMPATH\View\View.php(228): include('C:\\xampp\\htdocs\\apotek\\app\\Views\\kelola_obat_masuk\\cetak_pdf.php')
 3 SYSTEMPATH\View\View.php(231): CodeIgniter\View\View->CodeIgniter\View\{closure}()
 4 SYSTEMPATH\Common.php(1190): CodeIgniter\View\View->render('kelola_obat_masuk/cetak_pdf', [], true)
 5 APPPATH\Controllers\KelolaObatMasuk.php(148): view('kelola_obat_masuk/cetak_pdf', [...])
 6 SYSTEMPATH\CodeIgniter.php(942): App\Controllers\KelolaObatMasuk->cetakPdf()
 7 SYSTEMPATH\CodeIgniter.php(502): CodeIgniter\CodeIgniter->runController(Object(App\Controllers\KelolaObatMasuk))
 8 SYSTEMPATH\CodeIgniter.php(361): CodeIgniter\CodeIgniter->handleRequest(null, Object(Config\Cache), false)
 9 FCPATH\index.php(79): CodeIgniter\CodeIgniter->run()
10 SYSTEMPATH\Commands\Server\rewrite.php(47): require_once('C:\\xampp\\htdocs\\apotek\\public\\index.php')
CRITICAL - 2023-12-29 16:29:37 --> Undefined variable $keuntunganBaris
in APPPATH\Views\kelola_obat_masuk\cetak_pdf.php on line 130.
 1 APPPATH\Views\kelola_obat_masuk\cetak_pdf.php(130): CodeIgniter\Debug\Exceptions->errorHandler(2, 'Undefined variable $keuntunganBaris', 'C:\\xampp\\htdocs\\apotek\\app\\Views\\kelola_obat_masuk\\cetak_pdf.php', 130)
 2 SYSTEMPATH\View\View.php(228): include('C:\\xampp\\htdocs\\apotek\\app\\Views\\kelola_obat_masuk\\cetak_pdf.php')
 3 SYSTEMPATH\View\View.php(231): CodeIgniter\View\View->CodeIgniter\View\{closure}()
 4 SYSTEMPATH\Common.php(1190): CodeIgniter\View\View->render('kelola_obat_masuk/cetak_pdf', [], true)
 5 APPPATH\Controllers\KelolaObatMasuk.php(148): view('kelola_obat_masuk/cetak_pdf', [...])
 6 SYSTEMPATH\CodeIgniter.php(942): App\Controllers\KelolaObatMasuk->cetakPdf()
 7 SYSTEMPATH\CodeIgniter.php(502): CodeIgniter\CodeIgniter->runController(Object(App\Controllers\KelolaObatMasuk))
 8 SYSTEMPATH\CodeIgniter.php(361): CodeIgniter\CodeIgniter->handleRequest(null, Object(Config\Cache), false)
 9 FCPATH\index.php(79): CodeIgniter\CodeIgniter->run()
10 SYSTEMPATH\Commands\Server\rewrite.php(47): require_once('C:\\xampp\\htdocs\\apotek\\public\\index.php')
INFO - 2023-12-29 16:29:40 --> Session: Class initialized using 'CodeIgniter\Session\Handlers\FileHandler' driver.
INFO - 2023-12-29 16:34:19 --> Session: Class initialized using 'CodeIgniter\Session\Handlers\FileHandler' driver.
INFO - 2023-12-29 16:34:21 --> Session: Class initialized using 'CodeIgniter\Session\Handlers\FileHandler' driver.
INFO - 2023-12-29 16:34:35 --> Session: Class initialized using 'CodeIgniter\Session\Handlers\FileHandler' driver.
INFO - 2023-12-29 16:34:36 --> Session: Class initialized using 'CodeIgniter\Session\Handlers\FileHandler' driver.
INFO - 2023-12-29 16:34:56 --> Session: Class initialized using 'CodeIgniter\Session\Handlers\FileHandler' driver.
INFO - 2023-12-29 16:34:56 --> Session: Class initialized using 'CodeIgniter\Session\Handlers\FileHandler' driver.
INFO - 2023-12-29 16:35:01 --> Session: Class initialized using 'CodeIgniter\Session\Handlers\FileHandler' driver.
INFO - 2023-12-29 16:35:07 --> Session: Class initialized using 'CodeIgniter\Session\Handlers\FileHandler' driver.
INFO - 2023-12-29 16:35:13 --> Session: Class initialized using 'CodeIgniter\Session\Handlers\FileHandler' driver.
INFO - 2023-12-29 16:35:42 --> Session: Class initialized using 'CodeIgniter\Session\Handlers\FileHandler' driver.
INFO - 2023-12-29 16:37:03 --> Session: Class initialized using 'CodeIgniter\Session\Handlers\FileHandler' driver.
INFO - 2023-12-29 16:37:06 --> Session: Class initialized using 'CodeIgniter\Session\Handlers\FileHandler' driver.
INFO - 2023-12-29 16:37:13 --> Session: Class initialized using 'CodeIgniter\Session\Handlers\FileHandler' driver.
INFO - 2023-12-29 16:37:45 --> Session: Class initialized using 'CodeIgniter\Session\Handlers\FileHandler' driver.
INFO - 2023-12-29 16:37:51 --> Session: Class initialized using 'CodeIgniter\Session\Handlers\FileHandler' driver.
INFO - 2023-12-29 16:37:55 --> Session: Class initialized using 'CodeIgniter\Session\Handlers\FileHandler' driver.
INFO - 2023-12-29 16:38:11 --> Session: Class initialized using 'CodeIgniter\Session\Handlers\FileHandler' driver.
INFO - 2023-12-29 16:38:13 --> Session: Class initialized using 'CodeIgniter\Session\Handlers\FileHandler' driver.
INFO - 2023-12-29 16:59:07 --> Session: Class initialized using 'CodeIgniter\Session\Handlers\FileHandler' driver.
INFO - 2023-12-29 16:59:15 --> Session: Class initialized using 'CodeIgniter\Session\Handlers\FileHandler' driver.
INFO - 2023-12-29 16:59:19 --> Session: Class initialized using 'CodeIgniter\Session\Handlers\FileHandler' driver.
INFO - 2023-12-29 16:59:23 --> Session: Class initialized using 'CodeIgniter\Session\Handlers\FileHandler' driver.
CRITICAL - 2023-12-29 16:59:26 --> Undefined array key "nominal_harga"
in APPPATH\Views\kelola_obat_keluar\cetak_pdf.php on line 111.
 1 APPPATH\Views\kelola_obat_keluar\cetak_pdf.php(111): CodeIgniter\Debug\Exceptions->errorHandler(2, 'Undefined array key "nominal_harga"', 'C:\\xampp\\htdocs\\apotek\\app\\Views\\kelola_obat_keluar\\cetak_pdf.php', 111)
 2 SYSTEMPATH\View\View.php(228): include('C:\\xampp\\htdocs\\apotek\\app\\Views\\kelola_obat_keluar\\cetak_pdf.php')
 3 SYSTEMPATH\View\View.php(231): CodeIgniter\View\View->CodeIgniter\View\{closure}()
 4 SYSTEMPATH\Common.php(1190): CodeIgniter\View\View->render('kelola_obat_keluar/cetak_pdf', [], true)
 5 APPPATH\Controllers\KelolaObatKeluar.php(135): view('kelola_obat_keluar/cetak_pdf', [...])
 6 SYSTEMPATH\CodeIgniter.php(942): App\Controllers\KelolaObatKeluar->cetakPdf()
 7 SYSTEMPATH\CodeIgniter.php(502): CodeIgniter\CodeIgniter->runController(Object(App\Controllers\KelolaObatKeluar))
 8 SYSTEMPATH\CodeIgniter.php(361): CodeIgniter\CodeIgniter->handleRequest(null, Object(Config\Cache), false)
 9 FCPATH\index.php(79): CodeIgniter\CodeIgniter->run()
10 SYSTEMPATH\Commands\Server\rewrite.php(47): require_once('C:\\xampp\\htdocs\\apotek\\public\\index.php')
INFO - 2023-12-29 16:59:35 --> Session: Class initialized using 'CodeIgniter\Session\Handlers\FileHandler' driver.
CRITICAL - 2023-12-29 17:00:00 --> Undefined array key "nominal_harga"
in APPPATH\Views\kelola_obat_keluar\cetak_pdf.php on line 111.
 1 APPPATH\Views\kelola_obat_keluar\cetak_pdf.php(111): CodeIgniter\Debug\Exceptions->errorHandler(2, 'Undefined array key "nominal_harga"', 'C:\\xampp\\htdocs\\apotek\\app\\Views\\kelola_obat_keluar\\cetak_pdf.php', 111)
 2 SYSTEMPATH\View\View.php(228): include('C:\\xampp\\htdocs\\apotek\\app\\Views\\kelola_obat_keluar\\cetak_pdf.php')
 3 SYSTEMPATH\View\View.php(231): CodeIgniter\View\View->CodeIgniter\View\{closure}()
 4 SYSTEMPATH\Common.php(1190): CodeIgniter\View\View->render('kelola_obat_keluar/cetak_pdf', [], true)
 5 APPPATH\Controllers\KelolaObatKeluar.php(135): view('kelola_obat_keluar/cetak_pdf', [...])
 6 SYSTEMPATH\CodeIgniter.php(942): App\Controllers\KelolaObatKeluar->cetakPdf()
 7 SYSTEMPATH\CodeIgniter.php(502): CodeIgniter\CodeIgniter->runController(Object(App\Controllers\KelolaObatKeluar))
 8 SYSTEMPATH\CodeIgniter.php(361): CodeIgniter\CodeIgniter->handleRequest(null, Object(Config\Cache), false)
 9 FCPATH\index.php(79): CodeIgniter\CodeIgniter->run()
10 SYSTEMPATH\Commands\Server\rewrite.php(47): require_once('C:\\xampp\\htdocs\\apotek\\public\\index.php')
INFO - 2023-12-29 17:10:09 --> Session: Class initialized using 'CodeIgniter\Session\Handlers\FileHandler' driver.
INFO - 2023-12-29 17:10:13 --> Session: Class initialized using 'CodeIgniter\Session\Handlers\FileHandler' driver.
CRITICAL - 2023-12-29 17:10:15 --> Undefined variable $obat_masuk
in APPPATH\Views\kelola_obat_keluar\cetak_pdf.php on line 93.
 1 APPPATH\Views\kelola_obat_keluar\cetak_pdf.php(93): CodeIgniter\Debug\Exceptions->errorHandler(2, 'Undefined variable $obat_masuk', 'C:\\xampp\\htdocs\\apotek\\app\\Views\\kelola_obat_keluar\\cetak_pdf.php', 93)
 2 SYSTEMPATH\View\View.php(228): include('C:\\xampp\\htdocs\\apotek\\app\\Views\\kelola_obat_keluar\\cetak_pdf.php')
 3 SYSTEMPATH\View\View.php(231): CodeIgniter\View\View->CodeIgniter\View\{closure}()
 4 SYSTEMPATH\Common.php(1190): CodeIgniter\View\View->render('kelola_obat_keluar/cetak_pdf', [], true)
 5 APPPATH\Controllers\KelolaObatKeluar.php(139): view('kelola_obat_keluar/cetak_pdf', [...])
 6 SYSTEMPATH\CodeIgniter.php(942): App\Controllers\KelolaObatKeluar->cetakPdf()
 7 SYSTEMPATH\CodeIgniter.php(502): CodeIgniter\CodeIgniter->runController(Object(App\Controllers\KelolaObatKeluar))
 8 SYSTEMPATH\CodeIgniter.php(361): CodeIgniter\CodeIgniter->handleRequest(null, Object(Config\Cache), false)
 9 FCPATH\index.php(79): CodeIgniter\CodeIgniter->run()
10 SYSTEMPATH\Commands\Server\rewrite.php(47): require_once('C:\\xampp\\htdocs\\apotek\\public\\index.php')
INFO - 2023-12-29 17:10:19 --> Session: Class initialized using 'CodeIgniter\Session\Handlers\FileHandler' driver.
INFO - 2023-12-29 17:46:50 --> Session: Class initialized using 'CodeIgniter\Session\Handlers\FileHandler' driver.
CRITICAL - 2023-12-29 17:46:51 --> Call to undefined method App\Models\ObatKeluarModel::getObatmasuk
in SYSTEMPATH\Model.php on line 873.
 1 APPPATH\Controllers\KelolaObatKeluar.php(33): CodeIgniter\Model->__call('getObatmasuk', [])
 2 SYSTEMPATH\CodeIgniter.php(942): App\Controllers\KelolaObatKeluar->index()
 3 SYSTEMPATH\CodeIgniter.php(502): CodeIgniter\CodeIgniter->runController(Object(App\Controllers\KelolaObatKeluar))
 4 SYSTEMPATH\CodeIgniter.php(361): CodeIgniter\CodeIgniter->handleRequest(null, Object(Config\Cache), false)
 5 FCPATH\index.php(79): CodeIgniter\CodeIgniter->run()
 6 SYSTEMPATH\Commands\Server\rewrite.php(47): require_once('C:\\xampp\\htdocs\\apotek\\public\\index.php')
INFO - 2023-12-29 17:46:53 --> Session: Class initialized using 'CodeIgniter\Session\Handlers\FileHandler' driver.
INFO - 2023-12-29 17:46:58 --> Session: Class initialized using 'CodeIgniter\Session\Handlers\FileHandler' driver.
CRITICAL - 2023-12-29 17:46:58 --> Call to undefined method App\Models\ObatKeluarModel::getObatmasuk
in SYSTEMPATH\Model.php on line 873.
 1 APPPATH\Controllers\KelolaObatKeluar.php(33): CodeIgniter\Model->__call('getObatmasuk', [])
 2 SYSTEMPATH\CodeIgniter.php(942): App\Controllers\KelolaObatKeluar->index()
 3 SYSTEMPATH\CodeIgniter.php(502): CodeIgniter\CodeIgniter->runController(Object(App\Controllers\KelolaObatKeluar))
 4 SYSTEMPATH\CodeIgniter.php(361): CodeIgniter\CodeIgniter->handleRequest(null, Object(Config\Cache), false)
 5 FCPATH\index.php(79): CodeIgniter\CodeIgniter->run()
 6 SYSTEMPATH\Commands\Server\rewrite.php(47): require_once('C:\\xampp\\htdocs\\apotek\\public\\index.php')
INFO - 2023-12-29 17:47:02 --> Session: Class initialized using 'CodeIgniter\Session\Handlers\FileHandler' driver.
INFO - 2023-12-29 17:47:07 --> Session: Class initialized using 'CodeIgniter\Session\Handlers\FileHandler' driver.
CRITICAL - 2023-12-29 17:47:07 --> Call to undefined method App\Models\ObatKeluarModel::getObatmasuk
in SYSTEMPATH\Model.php on line 873.
 1 APPPATH\Controllers\KelolaObatKeluar.php(33): CodeIgniter\Model->__call('getObatmasuk', [])
 2 SYSTEMPATH\CodeIgniter.php(942): App\Controllers\KelolaObatKeluar->index()
 3 SYSTEMPATH\CodeIgniter.php(502): CodeIgniter\CodeIgniter->runController(Object(App\Controllers\KelolaObatKeluar))
 4 SYSTEMPATH\CodeIgniter.php(361): CodeIgniter\CodeIgniter->handleRequest(null, Object(Config\Cache), false)
 5 FCPATH\index.php(79): CodeIgniter\CodeIgniter->run()
 6 SYSTEMPATH\Commands\Server\rewrite.php(47): require_once('C:\\xampp\\htdocs\\apotek\\public\\index.php')
INFO - 2023-12-29 17:47:54 --> Session: Class initialized using 'CodeIgniter\Session\Handlers\FileHandler' driver.
INFO - 2023-12-29 17:47:58 --> Session: Class initialized using 'CodeIgniter\Session\Handlers\FileHandler' driver.
CRITICAL - 2023-12-29 17:48:09 --> Undefined array key "nominal_harga"
in APPPATH\Views\kelola_obat_keluar\cetak_pdf.php on line 112.
 1 APPPATH\Views\kelola_obat_keluar\cetak_pdf.php(112): CodeIgniter\Debug\Exceptions->errorHandler(2, 'Undefined array key "nominal_harga"', 'C:\\xampp\\htdocs\\apotek\\app\\Views\\kelola_obat_keluar\\cetak_pdf.php', 112)
 2 SYSTEMPATH\View\View.php(228): include('C:\\xampp\\htdocs\\apotek\\app\\Views\\kelola_obat_keluar\\cetak_pdf.php')
 3 SYSTEMPATH\View\View.php(231): CodeIgniter\View\View->CodeIgniter\View\{closure}()
 4 SYSTEMPATH\Common.php(1190): CodeIgniter\View\View->render('kelola_obat_keluar/cetak_pdf', [], true)
 5 APPPATH\Controllers\KelolaObatKeluar.php(141): view('kelola_obat_keluar/cetak_pdf', [...])
 6 SYSTEMPATH\CodeIgniter.php(942): App\Controllers\KelolaObatKeluar->cetakPdf()
 7 SYSTEMPATH\CodeIgniter.php(502): CodeIgniter\CodeIgniter->runController(Object(App\Controllers\KelolaObatKeluar))
 8 SYSTEMPATH\CodeIgniter.php(361): CodeIgniter\CodeIgniter->handleRequest(null, Object(Config\Cache), false)
 9 FCPATH\index.php(79): CodeIgniter\CodeIgniter->run()
10 SYSTEMPATH\Commands\Server\rewrite.php(47): require_once('C:\\xampp\\htdocs\\apotek\\public\\index.php')
INFO - 2023-12-29 17:48:15 --> Session: Class initialized using 'CodeIgniter\Session\Handlers\FileHandler' driver.
INFO - 2023-12-29 17:51:14 --> Session: Class initialized using 'CodeIgniter\Session\Handlers\FileHandler' driver.
INFO - 2023-12-29 17:51:18 --> Session: Class initialized using 'CodeIgniter\Session\Handlers\FileHandler' driver.
INFO - 2023-12-29 17:51:20 --> Session: Class initialized using 'CodeIgniter\Session\Handlers\FileHandler' driver.
INFO - 2023-12-29 17:51:31 --> Session: Class initialized using 'CodeIgniter\Session\Handlers\FileHandler' driver.
INFO - 2023-12-29 17:51:31 --> Session: Class initialized using 'CodeIgniter\Session\Handlers\FileHandler' driver.
INFO - 2023-12-29 17:55:15 --> Session: Class initialized using 'CodeIgniter\Session\Handlers\FileHandler' driver.
INFO - 2023-12-29 17:55:26 --> Session: Class initialized using 'CodeIgniter\Session\Handlers\FileHandler' driver.
INFO - 2023-12-29 17:55:26 --> Session: Class initialized using 'CodeIgniter\Session\Handlers\FileHandler' driver.
INFO - 2023-12-29 17:56:02 --> Session: Class initialized using 'CodeIgniter\Session\Handlers\FileHandler' driver.
